{
  "0 debug pnpm:scope": {
    "selected": 1
  },
  "1 error pnpm": {
    "errno": 1,
    "code": "ELIFECYCLE",
    "pkgid": "micro-frontend@1.0.0",
    "stage": "install:vue3",
    "script": "cd vue3-vite && pnpm run dev",
    "pkgname": "micro-frontend",
    "err": {
      "name": "pnpm",
      "message": "micro-frontend@1.0.0 install:vue3: `cd vue3-vite && pnpm run dev`\nExit status 1",
      "code": "ELIFECYCLE",
      "stack": "pnpm: micro-frontend@1.0.0 install:vue3: `cd vue3-vite && pnpm run dev`\nExit status 1\n    at EventEmitter.<anonymous> (D:\\tool\\nodejs\\node_global\\node_modules\\pnpm\\dist\\pnpm.cjs:106739:20)\n    at EventEmitter.emit (node:events:526:28)\n    at ChildProcess.<anonymous> (D:\\tool\\nodejs\\node_global\\node_modules\\pnpm\\dist\\pnpm.cjs:93308:18)\n    at ChildProcess.emit (node:events:526:28)\n    at maybeClose (node:internal/child_process:1092:16)\n    at Process.ChildProcess._handle.onexit (node:internal/child_process:302:5)"
    }
  },
  "2 warn pnpm:global": " Local package.json exists, but node_modules missing, did you mean to install?"
}